<?xml version="1.0" encoding="UTF-8"?>
<!-- Generated by org.testng.reporters.JUnitReportReporter -->
<testsuite skipped="0" hostname="RaghavendraS" name="com.apiassidgment.tests.Test1" tests="2" failures="0" timestamp="05 Dec 2020 10:41:44 GMT" time="0.523" errors="0">
  <testcase name="testUserId9" time="0.237" classname="com.apiassidgment.tests.Test1"/>
  <testcase name="testUserId9_two" time="0.286" classname="com.apiassidgment.tests.Test1"/>
</testsuite> <!-- com.apiassidgment.tests.Test1 -->
