<?xml version="1.0" encoding="UTF-8"?>
<!-- Generated by org.testng.reporters.JUnitReportReporter -->
<testsuite skipped="0" hostname="RaghavendraS" name="com.apiassidgment.tests.Test2" tests="1" failures="0" timestamp="05 Dec 2020 10:41:44 GMT" time="3.609" errors="0">
  <testcase name="testPostId3" time="3.609" classname="com.apiassidgment.tests.Test2"/>
</testsuite> <!-- com.apiassidgment.tests.Test2 -->
