<?xml version="1.0" encoding="UTF-8"?>
<!-- Generated by org.testng.reporters.JUnitReportReporter -->
<testsuite skipped="0" hostname="RaghavendraS" name="com.apiassidgment.tests.UserId9" tests="1" failures="0" timestamp="05 Dec 2020 07:37:05 GMT" time="1.182" errors="0">
  <testcase name="testUserId9" time="1.182" classname="com.apiassidgment.tests.UserId9"/>
</testsuite> <!-- com.apiassidgment.tests.UserId9 -->
