<?xml version="1.0" encoding="UTF-8"?>
<!-- Generated by org.testng.reporters.JUnitReportReporter -->
<testsuite skipped="0" hostname="RaghavendraS" name="com.seleniumassignment.tests.ClearTrip" tests="1" failures="0" timestamp="05 Dec 2020 10:41:44 GMT" time="102.088" errors="0">
  <testcase name="testcleartrip" time="102.088" classname="com.seleniumassignment.tests.ClearTrip"/>
</testsuite> <!-- com.seleniumassignment.tests.ClearTrip -->
