<?xml version="1.0" encoding="UTF-8"?>
<!-- Generated by org.testng.reporters.JUnitReportReporter -->
<testsuite skipped="0" hostname="RaghavendraS" name="com.assignment.tests.ClearTrip" tests="1" failures="0" timestamp="04 Dec 2020 17:58:58 GMT" time="88.765" errors="0">
  <testcase name="testcleartrip" time="88.765" classname="com.assignment.tests.ClearTrip"/>
</testsuite> <!-- com.assignment.tests.ClearTrip -->
