<?xml version="1.0" encoding="UTF-8"?>
<!-- Generated by org.testng.reporters.JUnitReportReporter -->
<testsuite skipped="0" hostname="RaghavendraS" name="com.apiassidgment.tests.PostId3" tests="1" failures="0" timestamp="05 Dec 2020 09:44:15 GMT" time="3.828" errors="0">
  <testcase name="testPostId3" time="3.828" classname="com.apiassidgment.tests.PostId3"/>
</testsuite> <!-- com.apiassidgment.tests.PostId3 -->
