<?xml version="1.0" encoding="UTF-8"?>
<!-- Generated by org.testng.reporters.JUnitReportReporter -->
<testsuite skipped="0" hostname="RaghavendraS" name="com.apiassidgment.tests.PrintAllUsers" tests="1" failures="0" timestamp="05 Dec 2020 10:41:44 GMT" time="31.977" errors="0">
  <testcase name="testPrintAllUsers" time="31.977" classname="com.apiassidgment.tests.PrintAllUsers"/>
</testsuite> <!-- com.apiassidgment.tests.PrintAllUsers -->
